This file contains any messages produced by compilers while
running configure, to aid debugging if configure makes a mistake.

It was created by soccerwindow2 configure 5.1.1, which was
generated by GNU Autoconf 2.69.  Invocation command line was

  $ ./configure 

## --------- ##
## Platform. ##
## --------- ##

hostname = DeepMind
uname -m = x86_64
uname -r = 4.15.0-33-generic
uname -s = Linux
uname -v = #36-Ubuntu SMP Wed Aug 15 16:00:05 UTC 2018

/usr/bin/uname -p = unknown
/bin/uname -X     = unknown

/bin/arch              = unknown
/usr/bin/arch -k       = unknown
/usr/convex/getsysinfo = unknown
/usr/bin/hostinfo      = unknown
/bin/machine           = unknown
/usr/bin/oslevel       = unknown
/bin/universe          = unknown

PATH: /home/blair/.local/bin
PATH: /usr/local/sbin
PATH: /usr/local/bin
PATH: /usr/sbin
PATH: /usr/bin
PATH: /sbin
PATH: /bin
PATH: /usr/games
PATH: /usr/local/games
PATH: /snap/bin
PATH: /usr/local/cuda/bin


## ----------- ##
## Core tests. ##
## ----------- ##

configure:2362: checking for a BSD-compatible install
configure:2430: result: /usr/bin/install -c
configure:2441: checking whether build environment is sane
configure:2496: result: yes
configure:2647: checking for a thread-safe mkdir -p
configure:2686: result: /bin/mkdir -p
configure:2693: checking for gawk
configure:2723: result: no
configure:2693: checking for mawk
configure:2709: found /usr/bin/mawk
configure:2720: result: mawk
configure:2731: checking whether make sets $(MAKE)
configure:2753: result: yes
configure:2782: checking whether make supports nested variables
configure:2799: result: yes
configure:2985: checking for gcc
configure:3001: found /usr/bin/gcc
configure:3012: result: gcc
configure:3241: checking for C compiler version
configure:3250: gcc --version >&5
gcc (Ubuntu 7.3.0-27ubuntu1~18.04) 7.3.0
Copyright (C) 2017 Free Software Foundation, Inc.
This is free software; see the source for copying conditions.  There is NO
warranty; not even for MERCHANTABILITY or FITNESS FOR A PARTICULAR PURPOSE.

configure:3261: $? = 0
configure:3250: gcc -v >&5
Using built-in specs.
COLLECT_GCC=gcc
COLLECT_LTO_WRAPPER=/usr/lib/gcc/x86_64-linux-gnu/7/lto-wrapper
OFFLOAD_TARGET_NAMES=nvptx-none
OFFLOAD_TARGET_DEFAULT=1
Target: x86_64-linux-gnu
Configured with: ../src/configure -v --with-pkgversion='Ubuntu 7.3.0-27ubuntu1~18.04' --with-bugurl=file:///usr/share/doc/gcc-7/README.Bugs --enable-languages=c,ada,c++,go,brig,d,fortran,objc,obj-c++ --prefix=/usr --with-gcc-major-version-only --program-suffix=-7 --program-prefix=x86_64-linux-gnu- --enable-shared --enable-linker-build-id --libexecdir=/usr/lib --without-included-gettext --enable-threads=posix --libdir=/usr/lib --enable-nls --with-sysroot=/ --enable-clocale=gnu --enable-libstdcxx-debug --enable-libstdcxx-time=yes --with-default-libstdcxx-abi=new --enable-gnu-unique-object --disable-vtable-verify --enable-libmpx --enable-plugin --enable-default-pie --with-system-zlib --with-target-system-zlib --enable-objc-gc=auto --enable-multiarch --disable-werror --with-arch-32=i686 --with-abi=m64 --with-multilib-list=m32,m64,mx32 --enable-multilib --with-tune=generic --enable-offload-targets=nvptx-none --without-cuda-driver --enable-checking=release --build=x86_64-linux-gnu --host=x86_64-linux-gnu --target=x86_64-linux-gnu
Thread model: posix
gcc version 7.3.0 (Ubuntu 7.3.0-27ubuntu1~18.04) 
configure:3261: $? = 0
configure:3250: gcc -V >&5
gcc: error: unrecognized command line option '-V'
gcc: fatal error: no input files
compilation terminated.
configure:3261: $? = 1
configure:3250: gcc -qversion >&5
gcc: error: unrecognized command line option '-qversion'; did you mean '--version'?
gcc: fatal error: no input files
compilation terminated.
configure:3261: $? = 1
configure:3281: checking whether the C compiler works
configure:3303: gcc    conftest.c  >&5
configure:3307: $? = 0
configure:3355: result: yes
configure:3358: checking for C compiler default output file name
configure:3360: result: a.out
configure:3366: checking for suffix of executables
configure:3373: gcc -o conftest    conftest.c  >&5
configure:3377: $? = 0
configure:3399: result: 
configure:3421: checking whether we are cross compiling
configure:3429: gcc -o conftest    conftest.c  >&5
configure:3433: $? = 0
configure:3440: ./conftest
configure:3444: $? = 0
configure:3459: result: no
configure:3464: checking for suffix of object files
configure:3486: gcc -c   conftest.c >&5
configure:3490: $? = 0
configure:3511: result: o
configure:3515: checking whether we are using the GNU C compiler
configure:3534: gcc -c   conftest.c >&5
configure:3534: $? = 0
configure:3543: result: yes
configure:3552: checking whether gcc accepts -g
configure:3572: gcc -c -g  conftest.c >&5
configure:3572: $? = 0
configure:3613: result: yes
configure:3630: checking for gcc option to accept ISO C89
configure:3693: gcc  -c -g -O2  conftest.c >&5
configure:3693: $? = 0
configure:3706: result: none needed
configure:3731: checking whether gcc understands -c and -o together
configure:3753: gcc -c conftest.c -o conftest2.o
configure:3756: $? = 0
configure:3753: gcc -c conftest.c -o conftest2.o
configure:3756: $? = 0
configure:3768: result: yes
configure:3796: checking for style of include used by make
configure:3824: result: GNU
configure:3850: checking dependency style of gcc
configure:3961: result: gcc3
configure:4034: checking for g++
configure:4050: found /usr/bin/g++
configure:4061: result: g++
configure:4088: checking for C++ compiler version
configure:4097: g++ --version >&5
g++ (Ubuntu 7.3.0-27ubuntu1~18.04) 7.3.0
Copyright (C) 2017 Free Software Foundation, Inc.
This is free software; see the source for copying conditions.  There is NO
warranty; not even for MERCHANTABILITY or FITNESS FOR A PARTICULAR PURPOSE.

configure:4108: $? = 0
configure:4097: g++ -v >&5
Using built-in specs.
COLLECT_GCC=g++
COLLECT_LTO_WRAPPER=/usr/lib/gcc/x86_64-linux-gnu/7/lto-wrapper
OFFLOAD_TARGET_NAMES=nvptx-none
OFFLOAD_TARGET_DEFAULT=1
Target: x86_64-linux-gnu
Configured with: ../src/configure -v --with-pkgversion='Ubuntu 7.3.0-27ubuntu1~18.04' --with-bugurl=file:///usr/share/doc/gcc-7/README.Bugs --enable-languages=c,ada,c++,go,brig,d,fortran,objc,obj-c++ --prefix=/usr --with-gcc-major-version-only --program-suffix=-7 --program-prefix=x86_64-linux-gnu- --enable-shared --enable-linker-build-id --libexecdir=/usr/lib --without-included-gettext --enable-threads=posix --libdir=/usr/lib --enable-nls --with-sysroot=/ --enable-clocale=gnu --enable-libstdcxx-debug --enable-libstdcxx-time=yes --with-default-libstdcxx-abi=new --enable-gnu-unique-object --disable-vtable-verify --enable-libmpx --enable-plugin --enable-default-pie --with-system-zlib --with-target-system-zlib --enable-objc-gc=auto --enable-multiarch --disable-werror --with-arch-32=i686 --with-abi=m64 --with-multilib-list=m32,m64,mx32 --enable-multilib --with-tune=generic --enable-offload-targets=nvptx-none --without-cuda-driver --enable-checking=release --build=x86_64-linux-gnu --host=x86_64-linux-gnu --target=x86_64-linux-gnu
Thread model: posix
gcc version 7.3.0 (Ubuntu 7.3.0-27ubuntu1~18.04) 
configure:4108: $? = 0
configure:4097: g++ -V >&5
g++: error: unrecognized command line option '-V'
g++: fatal error: no input files
compilation terminated.
configure:4108: $? = 1
configure:4097: g++ -qversion >&5
g++: error: unrecognized command line option '-qversion'; did you mean '--version'?
g++: fatal error: no input files
compilation terminated.
configure:4108: $? = 1
configure:4112: checking whether we are using the GNU C++ compiler
configure:4131: g++ -c   conftest.cpp >&5
configure:4131: $? = 0
configure:4140: result: yes
configure:4149: checking whether g++ accepts -g
configure:4169: g++ -c -g  conftest.cpp >&5
configure:4169: $? = 0
configure:4210: result: yes
configure:4235: checking dependency style of g++
configure:4346: result: gcc3
configure:4404: checking for ranlib
configure:4420: found /usr/bin/ranlib
configure:4431: result: ranlib
configure:4475: enabled Qt4
configure:4547: checking for pkg-config
configure:4565: found /usr/bin/pkg-config
configure:4577: result: /usr/bin/pkg-config
configure:4602: checking pkg-config is at least version 0.9.0
configure:4605: result: yes
configure:4619: set QT4_REQUIRED_VERSION... 4.3.0
configure:4621: set QT4_REQUIRED_MODULES... QtCore QtGui QtNetwork
configure:4630: checking for pkg-config
configure:4661: result: /usr/bin/pkg-config
configure:4674: check QtCore >= 4.3.0
configure:4678: checking for Qt4
configure:4685: $PKG_CONFIG --exists --print-errors "$mod >= $QT4_REQUIRED_VERSION"
configure:4688: $? = 0
configure:4702: $PKG_CONFIG --exists --print-errors "$mod >= $QT4_REQUIRED_VERSION"
configure:4705: $? = 0
configure:4743: result: yes
configure:4674: check QtGui >= 4.3.0
configure:4678: checking for Qt4
configure:4743: result: yes
configure:4674: check QtNetwork >= 4.3.0
configure:4678: checking for Qt4
configure:4743: result: yes
configure:4757: set QT4_CXXFLAGS... -DQT_SHARED -I/usr/include/qt4 -I/usr/include/qt4/QtGui -I/usr/include/qt4 -I/usr/include/qt4/QtNetwork -I/usr/include/qt4 -I/usr/include/qt4/QtCore
configure:4759: set QT4_LDFLAGS... -L/usr/X11R6/lib64
configure:4761: set QT4_LDADD... -pthread -lQtGui -lQtCore -lfontconfig -lpthread -laudio -lXt -lgthread-2.0 -lglib-2.0 -lpng -lz -lfreetype -lgobject-2.0 -lglib-2.0 -lSM -lICE -lXi -lXrender -lfontconfig -lfreetype -lXext -lX11 -lm -lQtNetwork -lQtCore -lfontconfig -lpthread -lz -lQtCore -lfontconfig -lpthread -lz -lm -ldl -lgthread-2.0 -lglib-2.0 -lrt
configure:4800: set QT4_MOC... /usr/share/qt4/bin/moc
configure:4903: checking for boostlib >= 1.32.0
configure:4963: g++ -c -g -O2  -I/usr/include conftest.cpp >&5
configure:4963: $? = 0
configure:4965: result: yes
configure:5143: checking for cos in -lm
configure:5168: g++ -o conftest -g -O2  -I/usr/include  -L/usr/lib64 conftest.cpp -lm   >&5
conftest.cpp:19:6: warning: declaration of 'char cos()' conflicts with built-in declaration 'double cos(double)' [-Wbuiltin-declaration-mismatch]
 char cos ();
      ^~~
configure:5168: $? = 0
configure:5177: result: yes
configure:5185: checking for deflate in -lz
configure:5210: g++ -o conftest -g -O2  -I/usr/include  -L/usr/lib64 conftest.cpp -lz  -lm  >&5
configure:5210: $? = 0
configure:5219: result: yes
configure:5231: checking for main in -lrcsc_geom
configure:5250: g++ -o conftest -g -O2  -I/usr/include  -L/usr/lib64 conftest.cpp -lrcsc_geom  -lz -lm  >&5
configure:5250: $? = 0
configure:5259: result: yes
configure:5267: checking for main in -lrcsc_rcg
configure:5286: g++ -o conftest -g -O2  -I/usr/include  -L/usr/lib64 conftest.cpp -lrcsc_rcg  -lrcsc_geom -lz -lm  >&5
configure:5286: $? = 0
configure:5295: result: yes
configure:5304: checking for main in -lrcsc_gz
configure:5323: g++ -o conftest -g -O2  -I/usr/include  -L/usr/lib64 conftest.cpp -lrcsc_gz  -lrcsc_rcg -lrcsc_geom -lz -lm  >&5
configure:5323: $? = 0
configure:5332: result: yes
configure:5343: checking for main in -lrcsc_param
configure:5362: g++ -o conftest -g -O2  -I/usr/include  -L/usr/lib64 conftest.cpp -lrcsc_param  -lrcsc_gz -lrcsc_rcg -lrcsc_geom -lz -lm  >&5
configure:5362: $? = 0
configure:5371: result: yes
configure:5379: checking for main in -lrcsc_time
configure:5398: g++ -o conftest -g -O2  -I/usr/include  -L/usr/lib64 conftest.cpp -lrcsc_time  -lrcsc_param -lrcsc_gz -lrcsc_rcg -lrcsc_geom -lz -lm  >&5
configure:5398: $? = 0
configure:5407: result: yes
configure:5415: checking for main in -lrcsc_net
configure:5434: g++ -o conftest -g -O2  -I/usr/include  -L/usr/lib64 conftest.cpp -lrcsc_net  -lrcsc_time -lrcsc_param -lrcsc_gz -lrcsc_rcg -lrcsc_geom -lz -lm  >&5
configure:5434: $? = 0
configure:5443: result: yes
configure:5451: checking for main in -lrcsc_ann
configure:5470: g++ -o conftest -g -O2  -I/usr/include  -L/usr/lib64 conftest.cpp -lrcsc_ann  -lrcsc_net -lrcsc_time -lrcsc_param -lrcsc_gz -lrcsc_rcg -lrcsc_geom -lz -lm  >&5
configure:5470: $? = 0
configure:5479: result: yes
configure:5487: checking for main in -lrcsc_agent
configure:5506: g++ -o conftest -g -O2  -I/usr/include  -L/usr/lib64 conftest.cpp -lrcsc_agent  -lrcsc_ann -lrcsc_net -lrcsc_time -lrcsc_param -lrcsc_gz -lrcsc_rcg -lrcsc_geom -lz -lm  >&5
configure:5506: $? = 0
configure:5515: result: yes
configure:5532: checking how to run the C++ preprocessor
configure:5559: g++ -E  -I/usr/include conftest.cpp
configure:5559: $? = 0
configure:5573: g++ -E  -I/usr/include conftest.cpp
conftest.cpp:14:10: fatal error: ac_nonexistent.h: No such file or directory
 #include <ac_nonexistent.h>
          ^~~~~~~~~~~~~~~~~~
compilation terminated.
configure:5573: $? = 1
configure: failed program was:
| /* confdefs.h */
| #define PACKAGE_NAME "soccerwindow2"
| #define PACKAGE_TARNAME "soccerwindow2"
| #define PACKAGE_VERSION "5.1.1"
| #define PACKAGE_STRING "soccerwindow2 5.1.1"
| #define PACKAGE_BUGREPORT "akky@users.sourceforge.jp"
| #define PACKAGE_URL ""
| #define PACKAGE "soccerwindow2"
| #define VERSION "5.1.1"
| #define HAVE_BOOST /**/
| #define HAVE_LIBZ 1
| #define HAVE_LIBRCSC_GZ 1
| /* end confdefs.h.  */
| #include <ac_nonexistent.h>
configure:5598: result: g++ -E
configure:5618: g++ -E  -I/usr/include conftest.cpp
configure:5618: $? = 0
configure:5632: g++ -E  -I/usr/include conftest.cpp
conftest.cpp:14:10: fatal error: ac_nonexistent.h: No such file or directory
 #include <ac_nonexistent.h>
          ^~~~~~~~~~~~~~~~~~
compilation terminated.
configure:5632: $? = 1
configure: failed program was:
| /* confdefs.h */
| #define PACKAGE_NAME "soccerwindow2"
| #define PACKAGE_TARNAME "soccerwindow2"
| #define PACKAGE_VERSION "5.1.1"
| #define PACKAGE_STRING "soccerwindow2 5.1.1"
| #define PACKAGE_BUGREPORT "akky@users.sourceforge.jp"
| #define PACKAGE_URL ""
| #define PACKAGE "soccerwindow2"
| #define VERSION "5.1.1"
| #define HAVE_BOOST /**/
| #define HAVE_LIBZ 1
| #define HAVE_LIBRCSC_GZ 1
| /* end confdefs.h.  */
| #include <ac_nonexistent.h>
configure:5661: checking for grep that handles long lines and -e
configure:5719: result: /bin/grep
configure:5724: checking for egrep
configure:5786: result: /bin/grep -E
configure:5791: checking for ANSI C header files
configure:5811: g++ -c -g -O2  -I/usr/include conftest.cpp >&5
configure:5811: $? = 0
configure:5884: g++ -o conftest -g -O2  -I/usr/include  -L/usr/lib64 conftest.cpp -lrcsc_agent -lrcsc_ann -lrcsc_net -lrcsc_time -lrcsc_param -lrcsc_gz -lrcsc_rcg -lrcsc_geom -lz -lm  >&5
configure:5884: $? = 0
configure:5884: ./conftest
configure:5884: $? = 0
configure:5895: result: yes
configure:5908: checking for sys/types.h
configure:5908: g++ -c -g -O2  -I/usr/include conftest.cpp >&5
configure:5908: $? = 0
configure:5908: result: yes
configure:5908: checking for sys/stat.h
configure:5908: g++ -c -g -O2  -I/usr/include conftest.cpp >&5
configure:5908: $? = 0
configure:5908: result: yes
configure:5908: checking for stdlib.h
configure:5908: g++ -c -g -O2  -I/usr/include conftest.cpp >&5
configure:5908: $? = 0
configure:5908: result: yes
configure:5908: checking for string.h
configure:5908: g++ -c -g -O2  -I/usr/include conftest.cpp >&5
configure:5908: $? = 0
configure:5908: result: yes
configure:5908: checking for memory.h
configure:5908: g++ -c -g -O2  -I/usr/include conftest.cpp >&5
configure:5908: $? = 0
configure:5908: result: yes
configure:5908: checking for strings.h
configure:5908: g++ -c -g -O2  -I/usr/include conftest.cpp >&5
configure:5908: $? = 0
configure:5908: result: yes
configure:5908: checking for inttypes.h
configure:5908: g++ -c -g -O2  -I/usr/include conftest.cpp >&5
configure:5908: $? = 0
configure:5908: result: yes
configure:5908: checking for stdint.h
configure:5908: g++ -c -g -O2  -I/usr/include conftest.cpp >&5
configure:5908: $? = 0
configure:5908: result: yes
configure:5908: checking for unistd.h
configure:5908: g++ -c -g -O2  -I/usr/include conftest.cpp >&5
configure:5908: $? = 0
configure:5908: result: yes
configure:5922: checking netinet/in.h usability
configure:5922: g++ -c -g -O2  -I/usr/include conftest.cpp >&5
configure:5922: $? = 0
configure:5922: result: yes
configure:5922: checking netinet/in.h presence
configure:5922: g++ -E  -I/usr/include conftest.cpp
configure:5922: $? = 0
configure:5922: result: yes
configure:5922: checking for netinet/in.h
configure:5922: result: yes
configure:5937: checking for stdbool.h that conforms to C99
configure:6004: g++ -c -g -O2  -I/usr/include conftest.cpp >&5
conftest.cpp:28:15: error: expected unqualified-id before string constant
               "error: bool is not defined"
               ^~~~~~~~~~~~~~~~~~~~~~~~~~~~
conftest.cpp:46:48: error: 's' does not name a type
              struct s { _Bool s: 1; _Bool t; } s;
                                                ^
conftest.cpp:56:28: error: 's' was not declared in this scope
              char i[sizeof s.t];
                            ^
conftest.cpp: In function 'int main()':
conftest.cpp:74:24: error: 's' was not declared in this scope
              bool e = &s;
                        ^
conftest.cpp:78:63: error: 'i' was not declared in this scope
              return (!a + !b + !c + !d + !e + !f + !g + !h + !i + !!j + !k + !!l
                                                               ^
configure:6004: $? = 1
configure: failed program was:
| /* confdefs.h */
| #define PACKAGE_NAME "soccerwindow2"
| #define PACKAGE_TARNAME "soccerwindow2"
| #define PACKAGE_VERSION "5.1.1"
| #define PACKAGE_STRING "soccerwindow2 5.1.1"
| #define PACKAGE_BUGREPORT "akky@users.sourceforge.jp"
| #define PACKAGE_URL ""
| #define PACKAGE "soccerwindow2"
| #define VERSION "5.1.1"
| #define HAVE_BOOST /**/
| #define HAVE_LIBZ 1
| #define HAVE_LIBRCSC_GZ 1
| #define STDC_HEADERS 1
| #define HAVE_SYS_TYPES_H 1
| #define HAVE_SYS_STAT_H 1
| #define HAVE_STDLIB_H 1
| #define HAVE_STRING_H 1
| #define HAVE_MEMORY_H 1
| #define HAVE_STRINGS_H 1
| #define HAVE_INTTYPES_H 1
| #define HAVE_STDINT_H 1
| #define HAVE_UNISTD_H 1
| #define HAVE_NETINET_IN_H 1
| /* end confdefs.h.  */
| 
|              #include <stdbool.h>
|              #ifndef bool
|               "error: bool is not defined"
|              #endif
|              #ifndef false
|               "error: false is not defined"
|              #endif
|              #if false
|               "error: false is not 0"
|              #endif
|              #ifndef true
|               "error: true is not defined"
|              #endif
|              #if true != 1
|               "error: true is not 1"
|              #endif
|              #ifndef __bool_true_false_are_defined
|               "error: __bool_true_false_are_defined is not defined"
|              #endif
| 
|              struct s { _Bool s: 1; _Bool t; } s;
| 
|              char a[true == 1 ? 1 : -1];
|              char b[false == 0 ? 1 : -1];
|              char c[__bool_true_false_are_defined == 1 ? 1 : -1];
|              char d[(bool) 0.5 == true ? 1 : -1];
|              /* See body of main program for 'e'.  */
|              char f[(_Bool) 0.0 == false ? 1 : -1];
|              char g[true];
|              char h[sizeof (_Bool)];
|              char i[sizeof s.t];
|              enum { j = false, k = true, l = false * true, m = true * 256 };
|              /* The following fails for
|                 HP aC++/ANSI C B3910B A.05.55 [Dec 04 2003]. */
|              _Bool n[m];
|              char o[sizeof n == m * sizeof n[0] ? 1 : -1];
|              char p[-1 - (_Bool) 0 < 0 && -1 - (bool) 0 < 0 ? 1 : -1];
|              /* Catch a bug in an HP-UX C compiler.  See
|                 http://gcc.gnu.org/ml/gcc-patches/2003-12/msg02303.html
|                 http://lists.gnu.org/archive/html/bug-coreutils/2005-11/msg00161.html
|               */
|              _Bool q = true;
|              _Bool *pq = &q;
| 
| int
| main ()
| {
| 
|              bool e = &s;
|              *pq |= q;
|              *pq |= ! q;
|              /* Refer to every declared value, to avoid compiler optimizations.  */
|              return (!a + !b + !c + !d + !e + !f + !g + !h + !i + !!j + !k + !!l
|                      + !m + !n + !o + !p + !q + !pq);
| 
|   ;
|   return 0;
| }
configure:6011: result: no
configure:6013: checking for _Bool
configure:6013: g++ -c -g -O2  -I/usr/include conftest.cpp >&5
conftest.cpp: In function 'int main()':
conftest.cpp:61:13: error: '_Bool' was not declared in this scope
 if (sizeof (_Bool))
             ^~~~~
conftest.cpp:61:13: note: suggested alternative: 'bool'
 if (sizeof (_Bool))
             ^~~~~
             bool
configure:6013: $? = 1
configure: failed program was:
| /* confdefs.h */
| #define PACKAGE_NAME "soccerwindow2"
| #define PACKAGE_TARNAME "soccerwindow2"
| #define PACKAGE_VERSION "5.1.1"
| #define PACKAGE_STRING "soccerwindow2 5.1.1"
| #define PACKAGE_BUGREPORT "akky@users.sourceforge.jp"
| #define PACKAGE_URL ""
| #define PACKAGE "soccerwindow2"
| #define VERSION "5.1.1"
| #define HAVE_BOOST /**/
| #define HAVE_LIBZ 1
| #define HAVE_LIBRCSC_GZ 1
| #define STDC_HEADERS 1
| #define HAVE_SYS_TYPES_H 1
| #define HAVE_SYS_STAT_H 1
| #define HAVE_STDLIB_H 1
| #define HAVE_STRING_H 1
| #define HAVE_MEMORY_H 1
| #define HAVE_STRINGS_H 1
| #define HAVE_INTTYPES_H 1
| #define HAVE_STDINT_H 1
| #define HAVE_UNISTD_H 1
| #define HAVE_NETINET_IN_H 1
| /* end confdefs.h.  */
| #include <stdio.h>
| #ifdef HAVE_SYS_TYPES_H
| # include <sys/types.h>
| #endif
| #ifdef HAVE_SYS_STAT_H
| # include <sys/stat.h>
| #endif
| #ifdef STDC_HEADERS
| # include <stdlib.h>
| # include <stddef.h>
| #else
| # ifdef HAVE_STDLIB_H
| #  include <stdlib.h>
| # endif
| #endif
| #ifdef HAVE_STRING_H
| # if !defined STDC_HEADERS && defined HAVE_MEMORY_H
| #  include <memory.h>
| # endif
| # include <string.h>
| #endif
| #ifdef HAVE_STRINGS_H
| # include <strings.h>
| #endif
| #ifdef HAVE_INTTYPES_H
| # include <inttypes.h>
| #endif
| #ifdef HAVE_STDINT_H
| # include <stdint.h>
| #endif
| #ifdef HAVE_UNISTD_H
| # include <unistd.h>
| #endif
| int
| main ()
| {
| if (sizeof (_Bool))
| 	 return 0;
|   ;
|   return 0;
| }
configure:6013: result: no
configure:6030: checking for an ANSI C-conforming const
configure:6096: g++ -c -g -O2  -I/usr/include conftest.cpp >&5
configure:6096: $? = 0
configure:6103: result: yes
configure:6111: checking for inline
configure:6127: g++ -c -g -O2  -I/usr/include conftest.cpp >&5
configure:6127: $? = 0
configure:6135: result: inline
configure:6153: checking for size_t
configure:6153: g++ -c -g -O2  -I/usr/include conftest.cpp >&5
configure:6153: $? = 0
configure:6153: g++ -c -g -O2  -I/usr/include conftest.cpp >&5
conftest.cpp: In function 'int main()':
conftest.cpp:61:20: error: expected primary-expression before ')' token
 if (sizeof ((size_t)))
                    ^
configure:6153: $? = 1
configure: failed program was:
| /* confdefs.h */
| #define PACKAGE_NAME "soccerwindow2"
| #define PACKAGE_TARNAME "soccerwindow2"
| #define PACKAGE_VERSION "5.1.1"
| #define PACKAGE_STRING "soccerwindow2 5.1.1"
| #define PACKAGE_BUGREPORT "akky@users.sourceforge.jp"
| #define PACKAGE_URL ""
| #define PACKAGE "soccerwindow2"
| #define VERSION "5.1.1"
| #define HAVE_BOOST /**/
| #define HAVE_LIBZ 1
| #define HAVE_LIBRCSC_GZ 1
| #define STDC_HEADERS 1
| #define HAVE_SYS_TYPES_H 1
| #define HAVE_SYS_STAT_H 1
| #define HAVE_STDLIB_H 1
| #define HAVE_STRING_H 1
| #define HAVE_MEMORY_H 1
| #define HAVE_STRINGS_H 1
| #define HAVE_INTTYPES_H 1
| #define HAVE_STDINT_H 1
| #define HAVE_UNISTD_H 1
| #define HAVE_NETINET_IN_H 1
| /* end confdefs.h.  */
| #include <stdio.h>
| #ifdef HAVE_SYS_TYPES_H
| # include <sys/types.h>
| #endif
| #ifdef HAVE_SYS_STAT_H
| # include <sys/stat.h>
| #endif
| #ifdef STDC_HEADERS
| # include <stdlib.h>
| # include <stddef.h>
| #else
| # ifdef HAVE_STDLIB_H
| #  include <stdlib.h>
| # endif
| #endif
| #ifdef HAVE_STRING_H
| # if !defined STDC_HEADERS && defined HAVE_MEMORY_H
| #  include <memory.h>
| # endif
| # include <string.h>
| #endif
| #ifdef HAVE_STRINGS_H
| # include <strings.h>
| #endif
| #ifdef HAVE_INTTYPES_H
| # include <inttypes.h>
| #endif
| #ifdef HAVE_STDINT_H
| # include <stdint.h>
| #endif
| #ifdef HAVE_UNISTD_H
| # include <unistd.h>
| #endif
| int
| main ()
| {
| if (sizeof ((size_t)))
| 	    return 0;
|   ;
|   return 0;
| }
configure:6153: result: yes
configure:6164: checking for pid_t
configure:6164: g++ -c -g -O2  -I/usr/include conftest.cpp >&5
configure:6164: $? = 0
configure:6164: g++ -c -g -O2  -I/usr/include conftest.cpp >&5
conftest.cpp: In function 'int main()':
conftest.cpp:61:19: error: expected primary-expression before ')' token
 if (sizeof ((pid_t)))
                   ^
configure:6164: $? = 1
configure: failed program was:
| /* confdefs.h */
| #define PACKAGE_NAME "soccerwindow2"
| #define PACKAGE_TARNAME "soccerwindow2"
| #define PACKAGE_VERSION "5.1.1"
| #define PACKAGE_STRING "soccerwindow2 5.1.1"
| #define PACKAGE_BUGREPORT "akky@users.sourceforge.jp"
| #define PACKAGE_URL ""
| #define PACKAGE "soccerwindow2"
| #define VERSION "5.1.1"
| #define HAVE_BOOST /**/
| #define HAVE_LIBZ 1
| #define HAVE_LIBRCSC_GZ 1
| #define STDC_HEADERS 1
| #define HAVE_SYS_TYPES_H 1
| #define HAVE_SYS_STAT_H 1
| #define HAVE_STDLIB_H 1
| #define HAVE_STRING_H 1
| #define HAVE_MEMORY_H 1
| #define HAVE_STRINGS_H 1
| #define HAVE_INTTYPES_H 1
| #define HAVE_STDINT_H 1
| #define HAVE_UNISTD_H 1
| #define HAVE_NETINET_IN_H 1
| /* end confdefs.h.  */
| #include <stdio.h>
| #ifdef HAVE_SYS_TYPES_H
| # include <sys/types.h>
| #endif
| #ifdef HAVE_SYS_STAT_H
| # include <sys/stat.h>
| #endif
| #ifdef STDC_HEADERS
| # include <stdlib.h>
| # include <stddef.h>
| #else
| # ifdef HAVE_STDLIB_H
| #  include <stdlib.h>
| # endif
| #endif
| #ifdef HAVE_STRING_H
| # if !defined STDC_HEADERS && defined HAVE_MEMORY_H
| #  include <memory.h>
| # endif
| # include <string.h>
| #endif
| #ifdef HAVE_STRINGS_H
| # include <strings.h>
| #endif
| #ifdef HAVE_INTTYPES_H
| # include <inttypes.h>
| #endif
| #ifdef HAVE_STDINT_H
| # include <stdint.h>
| #endif
| #ifdef HAVE_UNISTD_H
| # include <unistd.h>
| #endif
| int
| main ()
| {
| if (sizeof ((pid_t)))
| 	    return 0;
|   ;
|   return 0;
| }
configure:6164: result: yes
configure:6175: checking whether struct tm is in sys/time.h or time.h
configure:6195: g++ -c -g -O2  -I/usr/include conftest.cpp >&5
configure:6195: $? = 0
configure:6202: result: time.h
configure:6213: checking for ANSI C header files
configure:6317: result: yes
configure:6327: checking for strftime
configure:6327: g++ -o conftest -g -O2  -I/usr/include  -L/usr/lib64 conftest.cpp -lrcsc_agent -lrcsc_ann -lrcsc_net -lrcsc_time -lrcsc_param -lrcsc_gz -lrcsc_rcg -lrcsc_geom -lz -lm  >&5
conftest.cpp:49:6: warning: declaration of 'char strftime()' conflicts with built-in declaration 'long unsigned int strftime(char*, long unsigned int, const char*, const void*)' [-Wbuiltin-declaration-mismatch]
 char strftime ();
      ^~~~~~~~
configure:6327: $? = 0
configure:6327: result: yes
configure:6382: checking for vprintf
configure:6382: g++ -o conftest -g -O2  -I/usr/include  -L/usr/lib64 conftest.cpp -lrcsc_agent -lrcsc_ann -lrcsc_net -lrcsc_time -lrcsc_param -lrcsc_gz -lrcsc_rcg -lrcsc_geom -lz -lm  >&5
conftest.cpp:50:6: warning: declaration of 'char vprintf()' conflicts with built-in declaration 'int vprintf(const char*, __va_list_tag*)' [-Wbuiltin-declaration-mismatch]
 char vprintf ();
      ^~~~~~~
configure:6382: $? = 0
configure:6382: result: yes
configure:6388: checking for _doprnt
configure:6388: g++ -o conftest -g -O2  -I/usr/include  -L/usr/lib64 conftest.cpp -lrcsc_agent -lrcsc_ann -lrcsc_net -lrcsc_time -lrcsc_param -lrcsc_gz -lrcsc_rcg -lrcsc_geom -lz -lm  >&5
/tmp/ccVJ5reb.o: In function `main':
/home/blair/Downloads/soccerwindow2-5.1.1/conftest.cpp:62: undefined reference to `_doprnt'
collect2: error: ld returned 1 exit status
configure:6388: $? = 1
configure: failed program was:
| /* confdefs.h */
| #define PACKAGE_NAME "soccerwindow2"
| #define PACKAGE_TARNAME "soccerwindow2"
| #define PACKAGE_VERSION "5.1.1"
| #define PACKAGE_STRING "soccerwindow2 5.1.1"
| #define PACKAGE_BUGREPORT "akky@users.sourceforge.jp"
| #define PACKAGE_URL ""
| #define PACKAGE "soccerwindow2"
| #define VERSION "5.1.1"
| #define HAVE_BOOST /**/
| #define HAVE_LIBZ 1
| #define HAVE_LIBRCSC_GZ 1
| #define STDC_HEADERS 1
| #define HAVE_SYS_TYPES_H 1
| #define HAVE_SYS_STAT_H 1
| #define HAVE_STDLIB_H 1
| #define HAVE_STRING_H 1
| #define HAVE_MEMORY_H 1
| #define HAVE_STRINGS_H 1
| #define HAVE_INTTYPES_H 1
| #define HAVE_STDINT_H 1
| #define HAVE_UNISTD_H 1
| #define HAVE_NETINET_IN_H 1
| #define STDC_HEADERS 1
| #define HAVE_STRFTIME 1
| #define HAVE_VPRINTF 1
| /* end confdefs.h.  */
| /* Define _doprnt to an innocuous variant, in case <limits.h> declares _doprnt.
|    For example, HP-UX 11i <limits.h> declares gettimeofday.  */
| #define _doprnt innocuous__doprnt
| 
| /* System header to define __stub macros and hopefully few prototypes,
|     which can conflict with char _doprnt (); below.
|     Prefer <limits.h> to <assert.h> if __STDC__ is defined, since
|     <limits.h> exists even on freestanding compilers.  */
| 
| #ifdef __STDC__
| # include <limits.h>
| #else
| # include <assert.h>
| #endif
| 
| #undef _doprnt
| 
| /* Override any GCC internal prototype to avoid an error.
|    Use char because int might match the return type of a GCC
|    builtin and then its argument prototype would still apply.  */
| #ifdef __cplusplus
| extern "C"
| #endif
| char _doprnt ();
| /* The GNU C library defines this for functions which it implements
|     to always fail with ENOSYS.  Some functions are actually named
|     something starting with __ and the normal name is an alias.  */
| #if defined __stub__doprnt || defined __stub____doprnt
| choke me
| #endif
| 
| int
| main ()
| {
| return _doprnt ();
|   ;
|   return 0;
| }
configure:6388: result: no
configure:6405: checking for floor
configure:6405: g++ -o conftest -g -O2  -I/usr/include  -L/usr/lib64 conftest.cpp -lrcsc_agent -lrcsc_ann -lrcsc_net -lrcsc_time -lrcsc_param -lrcsc_gz -lrcsc_rcg -lrcsc_geom -lz -lm  >&5
conftest.cpp:51:6: warning: declaration of 'char floor()' conflicts with built-in declaration 'double floor(double)' [-Wbuiltin-declaration-mismatch]
 char floor ();
      ^~~~~
configure:6405: $? = 0
configure:6405: result: yes
configure:6405: checking for memset
configure:6405: g++ -o conftest -g -O2  -I/usr/include  -L/usr/lib64 conftest.cpp -lrcsc_agent -lrcsc_ann -lrcsc_net -lrcsc_time -lrcsc_param -lrcsc_gz -lrcsc_rcg -lrcsc_geom -lz -lm  >&5
conftest.cpp:52:6: warning: declaration of 'char memset()' conflicts with built-in declaration 'void* memset(void*, int, long unsigned int)' [-Wbuiltin-declaration-mismatch]
 char memset ();
      ^~~~~~
configure:6405: $? = 0
configure:6405: result: yes
configure:6405: checking for pow
configure:6405: g++ -o conftest -g -O2  -I/usr/include  -L/usr/lib64 conftest.cpp -lrcsc_agent -lrcsc_ann -lrcsc_net -lrcsc_time -lrcsc_param -lrcsc_gz -lrcsc_rcg -lrcsc_geom -lz -lm  >&5
conftest.cpp:53:6: warning: declaration of 'char pow()' conflicts with built-in declaration 'double pow(double, double)' [-Wbuiltin-declaration-mismatch]
 char pow ();
      ^~~
configure:6405: $? = 0
configure:6405: result: yes
configure:6405: checking for rint
configure:6405: g++ -o conftest -g -O2  -I/usr/include  -L/usr/lib64 conftest.cpp -lrcsc_agent -lrcsc_ann -lrcsc_net -lrcsc_time -lrcsc_param -lrcsc_gz -lrcsc_rcg -lrcsc_geom -lz -lm  >&5
conftest.cpp:54:6: warning: declaration of 'char rint()' conflicts with built-in declaration 'double rint(double)' [-Wbuiltin-declaration-mismatch]
 char rint ();
      ^~~~
configure:6405: $? = 0
configure:6405: result: yes
configure:6405: checking for sqrt
configure:6405: g++ -o conftest -g -O2  -I/usr/include  -L/usr/lib64 conftest.cpp -lrcsc_agent -lrcsc_ann -lrcsc_net -lrcsc_time -lrcsc_param -lrcsc_gz -lrcsc_rcg -lrcsc_geom -lz -lm  >&5
conftest.cpp:55:6: warning: declaration of 'char sqrt()' conflicts with built-in declaration 'double sqrt(double)' [-Wbuiltin-declaration-mismatch]
 char sqrt ();
      ^~~~
configure:6405: $? = 0
configure:6405: result: yes
configure:6405: checking for strtol
configure:6405: g++ -o conftest -g -O2  -I/usr/include  -L/usr/lib64 conftest.cpp -lrcsc_agent -lrcsc_ann -lrcsc_net -lrcsc_time -lrcsc_param -lrcsc_gz -lrcsc_rcg -lrcsc_geom -lz -lm  >&5
configure:6405: $? = 0
configure:6405: result: yes
configure:6414: checking for rint
configure:6414: result: yes
configure:6583: checking that generated files are newer than configure
configure:6589: result: done
configure:6624: creating ./config.status

## ---------------------- ##
## Running config.status. ##
## ---------------------- ##

This file was extended by soccerwindow2 config.status 5.1.1, which was
generated by GNU Autoconf 2.69.  Invocation command line was

  CONFIG_FILES    = 
  CONFIG_HEADERS  = 
  CONFIG_LINKS    = 
  CONFIG_COMMANDS = 
  $ ./config.status 

on DeepMind

config.status:898: creating Doxyfile
config.status:898: creating soccerwindow2.spec
config.status:898: creating Makefile
config.status:898: creating src/sswindow2
config.status:898: creating src/soccerwindow2
config.status:898: creating src/Makefile
config.status:898: creating src/model/Makefile
config.status:898: creating src/qt4/Makefile
config.status:898: creating config.h
config.status:1127: executing depfiles commands

## ---------------- ##
## Cache variables. ##
## ---------------- ##

ac_cv_c_compiler_gnu=yes
ac_cv_c_const=yes
ac_cv_c_inline=inline
ac_cv_cxx_compiler_gnu=yes
ac_cv_env_CCC_set=
ac_cv_env_CCC_value=
ac_cv_env_CC_set=
ac_cv_env_CC_value=
ac_cv_env_CFLAGS_set=
ac_cv_env_CFLAGS_value=
ac_cv_env_CPPFLAGS_set=
ac_cv_env_CPPFLAGS_value=
ac_cv_env_CXXCPP_set=
ac_cv_env_CXXCPP_value=
ac_cv_env_CXXFLAGS_set=
ac_cv_env_CXXFLAGS_value=
ac_cv_env_CXX_set=
ac_cv_env_CXX_value=
ac_cv_env_LDFLAGS_set=
ac_cv_env_LDFLAGS_value=
ac_cv_env_LIBS_set=
ac_cv_env_LIBS_value=
ac_cv_env_PKG_CONFIG_LIBDIR_set=
ac_cv_env_PKG_CONFIG_LIBDIR_value=
ac_cv_env_PKG_CONFIG_PATH_set=
ac_cv_env_PKG_CONFIG_PATH_value=
ac_cv_env_PKG_CONFIG_set=
ac_cv_env_PKG_CONFIG_value=
ac_cv_env_Qt4_CFLAGS_set=
ac_cv_env_Qt4_CFLAGS_value=
ac_cv_env_Qt4_LIBS_set=
ac_cv_env_Qt4_LIBS_value=
ac_cv_env_build_alias_set=
ac_cv_env_build_alias_value=
ac_cv_env_host_alias_set=
ac_cv_env_host_alias_value=
ac_cv_env_target_alias_set=
ac_cv_env_target_alias_value=
ac_cv_func__doprnt=no
ac_cv_func_floor=yes
ac_cv_func_memset=yes
ac_cv_func_pow=yes
ac_cv_func_rint=yes
ac_cv_func_sqrt=yes
ac_cv_func_strftime=yes
ac_cv_func_strtol=yes
ac_cv_func_vprintf=yes
ac_cv_header_inttypes_h=yes
ac_cv_header_memory_h=yes
ac_cv_header_netinet_in_h=yes
ac_cv_header_stdbool_h=no
ac_cv_header_stdc=yes
ac_cv_header_stdint_h=yes
ac_cv_header_stdlib_h=yes
ac_cv_header_string_h=yes
ac_cv_header_strings_h=yes
ac_cv_header_sys_stat_h=yes
ac_cv_header_sys_types_h=yes
ac_cv_header_unistd_h=yes
ac_cv_lib_m_cos=yes
ac_cv_lib_rcsc_agent_main=yes
ac_cv_lib_rcsc_ann_main=yes
ac_cv_lib_rcsc_geom_main=yes
ac_cv_lib_rcsc_gz_main=yes
ac_cv_lib_rcsc_net_main=yes
ac_cv_lib_rcsc_param_main=yes
ac_cv_lib_rcsc_rcg_main=yes
ac_cv_lib_rcsc_time_main=yes
ac_cv_lib_z_deflate=yes
ac_cv_objext=o
ac_cv_path_EGREP='/bin/grep -E'
ac_cv_path_GREP=/bin/grep
ac_cv_path_PKG_CONFIG=/usr/bin/pkg-config
ac_cv_path_ac_pt_PKG_CONFIG=/usr/bin/pkg-config
ac_cv_path_install='/usr/bin/install -c'
ac_cv_path_mkdir=/bin/mkdir
ac_cv_prog_AWK=mawk
ac_cv_prog_CXXCPP='g++ -E'
ac_cv_prog_ac_ct_CC=gcc
ac_cv_prog_ac_ct_CXX=g++
ac_cv_prog_ac_ct_RANLIB=ranlib
ac_cv_prog_cc_c89=
ac_cv_prog_cc_g=yes
ac_cv_prog_cxx_g=yes
ac_cv_prog_make_make_set=yes
ac_cv_struct_tm=time.h
ac_cv_type__Bool=no
ac_cv_type_pid_t=yes
ac_cv_type_size_t=yes
am_cv_CC_dependencies_compiler_type=gcc3
am_cv_CXX_dependencies_compiler_type=gcc3
am_cv_make_support_nested_variables=yes
am_cv_prog_cc_c_o=yes
pkg_cv_Qt4_CFLAGS='-DQT_SHARED -I/usr/include/qt4 -I/usr/include/qt4/QtCore'
pkg_cv_Qt4_LIBS=-lQtCore

## ----------------- ##
## Output variables. ##
## ----------------- ##

ACLOCAL='${SHELL} /home/blair/Downloads/soccerwindow2-5.1.1/config/missing aclocal-1.15'
AMDEPBACKSLASH='\'
AMDEP_FALSE='#'
AMDEP_TRUE=''
AMTAR='$${TAR-tar}'
AM_BACKSLASH='\'
AM_DEFAULT_V='$(AM_DEFAULT_VERBOSITY)'
AM_DEFAULT_VERBOSITY='1'
AM_V='$(V)'
AUTOCONF='${SHELL} /home/blair/Downloads/soccerwindow2-5.1.1/config/missing autoconf'
AUTOHEADER='${SHELL} /home/blair/Downloads/soccerwindow2-5.1.1/config/missing autoheader'
AUTOMAKE='${SHELL} /home/blair/Downloads/soccerwindow2-5.1.1/config/missing automake-1.15'
AWK='mawk'
BOOST_CPPFLAGS='-I/usr/include'
BOOST_LDFLAGS='-L/usr/lib64'
BUILD_QT4_FALSE='#'
BUILD_QT4_TRUE=''
CC='gcc'
CCDEPMODE='depmode=gcc3'
CFLAGS='-g -O2'
CPPFLAGS=' -I/usr/include'
CXX='g++'
CXXCPP='g++ -E'
CXXDEPMODE='depmode=gcc3'
CXXFLAGS='-g -O2'
CYGPATH_W='echo'
DEFS='-DHAVE_CONFIG_H'
DEPDIR='.deps'
ECHO_C=''
ECHO_N='-n'
ECHO_T=''
EGREP='/bin/grep -E'
EXEEXT=''
GREP='/bin/grep'
INSTALL_DATA='${INSTALL} -m 644'
INSTALL_PROGRAM='${INSTALL}'
INSTALL_SCRIPT='${INSTALL}'
INSTALL_STRIP_PROGRAM='$(install_sh) -c -s'
LDFLAGS=' -L/usr/lib64'
LIBOBJS=''
LIBRCSCLIB='/usr/local/lib'
LIBS='-lrcsc_agent -lrcsc_ann -lrcsc_net -lrcsc_time -lrcsc_param -lrcsc_gz -lrcsc_rcg -lrcsc_geom -lz -lm '
LTLIBOBJS=''
MAKEINFO='${SHELL} /home/blair/Downloads/soccerwindow2-5.1.1/config/missing makeinfo'
MKDIR_P='/bin/mkdir -p'
OBJEXT='o'
PACKAGE='soccerwindow2'
PACKAGE_BUGREPORT='akky@users.sourceforge.jp'
PACKAGE_NAME='soccerwindow2'
PACKAGE_STRING='soccerwindow2 5.1.1'
PACKAGE_TARNAME='soccerwindow2'
PACKAGE_URL=''
PACKAGE_VERSION='5.1.1'
PATH_SEPARATOR=':'
PKG_CONFIG='/usr/bin/pkg-config'
PKG_CONFIG_LIBDIR=''
PKG_CONFIG_PATH=''
QT4_CFLAGS='-DQT_SHARED -I/usr/include/qt4 -I/usr/include/qt4/QtGui -I/usr/include/qt4 -I/usr/include/qt4/QtNetwork -I/usr/include/qt4 -I/usr/include/qt4/QtCore'
QT4_CPPFLAGS=''
QT4_CXXFLAGS='-DQT_SHARED -I/usr/include/qt4 -I/usr/include/qt4/QtGui -I/usr/include/qt4 -I/usr/include/qt4/QtNetwork -I/usr/include/qt4 -I/usr/include/qt4/QtCore'
QT4_LDADD='-pthread -lQtGui -lQtCore -lfontconfig -lpthread -laudio -lXt -lgthread-2.0 -lglib-2.0 -lpng -lz -lfreetype -lgobject-2.0 -lglib-2.0 -lSM -lICE -lXi -lXrender -lfontconfig -lfreetype -lXext -lX11 -lm -lQtNetwork -lQtCore -lfontconfig -lpthread -lz -lQtCore -lfontconfig -lpthread -lz -lm -ldl -lgthread-2.0 -lglib-2.0 -lrt'
QT4_LDFLAGS='-L/usr/X11R6/lib64'
QT4_MOC='/usr/share/qt4/bin/moc'
Qt4_CFLAGS='-DQT_SHARED -I/usr/include/qt4 -I/usr/include/qt4/QtCore'
Qt4_LIBS='-lQtCore'
RANLIB='ranlib'
SET_MAKE=''
SHELL='/bin/bash'
STRIP=''
VERSION='5.1.1'
ac_ct_CC='gcc'
ac_ct_CXX='g++'
am__EXEEXT_FALSE=''
am__EXEEXT_TRUE='#'
am__fastdepCC_FALSE='#'
am__fastdepCC_TRUE=''
am__fastdepCXX_FALSE='#'
am__fastdepCXX_TRUE=''
am__include='include'
am__isrc=''
am__leading_dot='.'
am__nodep='_no'
am__quote=''
am__tar='$${TAR-tar} chof - "$$tardir"'
am__untar='$${TAR-tar} xf -'
bindir='${exec_prefix}/bin'
build_alias=''
datadir='${datarootdir}'
datarootdir='${prefix}/share'
docdir='${datarootdir}/doc/${PACKAGE_TARNAME}'
dvidir='${docdir}'
exec_prefix='${prefix}'
host_alias=''
htmldir='${docdir}'
includedir='${prefix}/include'
infodir='${datarootdir}/info'
install_sh='${SHELL} /home/blair/Downloads/soccerwindow2-5.1.1/config/install-sh'
libdir='${exec_prefix}/lib'
libexecdir='${exec_prefix}/libexec'
localedir='${datarootdir}/locale'
localstatedir='${prefix}/var'
mandir='${datarootdir}/man'
mkdir_p='$(MKDIR_P)'
oldincludedir='/usr/include'
pdfdir='${docdir}'
prefix='/usr/local'
program_transform_name='s,x,x,'
psdir='${docdir}'
runstatedir='${localstatedir}/run'
sbindir='${exec_prefix}/sbin'
sharedstatedir='${prefix}/com'
sysconfdir='${prefix}/etc'
target_alias=''

## ----------- ##
## confdefs.h. ##
## ----------- ##

/* confdefs.h */
#define PACKAGE_NAME "soccerwindow2"
#define PACKAGE_TARNAME "soccerwindow2"
#define PACKAGE_VERSION "5.1.1"
#define PACKAGE_STRING "soccerwindow2 5.1.1"
#define PACKAGE_BUGREPORT "akky@users.sourceforge.jp"
#define PACKAGE_URL ""
#define PACKAGE "soccerwindow2"
#define VERSION "5.1.1"
#define HAVE_BOOST /**/
#define HAVE_LIBZ 1
#define HAVE_LIBRCSC_GZ 1
#define STDC_HEADERS 1
#define HAVE_SYS_TYPES_H 1
#define HAVE_SYS_STAT_H 1
#define HAVE_STDLIB_H 1
#define HAVE_STRING_H 1
#define HAVE_MEMORY_H 1
#define HAVE_STRINGS_H 1
#define HAVE_INTTYPES_H 1
#define HAVE_STDINT_H 1
#define HAVE_UNISTD_H 1
#define HAVE_NETINET_IN_H 1
#define STDC_HEADERS 1
#define HAVE_STRFTIME 1
#define HAVE_VPRINTF 1
#define HAVE_FLOOR 1
#define HAVE_MEMSET 1
#define HAVE_POW 1
#define HAVE_RINT 1
#define HAVE_SQRT 1
#define HAVE_STRTOL 1

configure: exit 0
